C:\Program Files\Microsoft Visual Studio\2022\Community\MSBuild\Microsoft\VC\v170\Microsoft.CppBuild.targets(517,5): warning MSB8004: El directorio Output no termina con una barra diagonal final. Esta instancia de compilación agregará la barra diagonal porque es necesaria para que se pueda evaluar correctamente el directorio Output.
  11_ParticleAnimation.cpp
C:\Users\zuriel\Desktop\ZZG\UNAM\INGENIERÍA\SEMESTRE 2023-2\CGIHC\PROYECTO\Proyecto_Ejecutable_CG\code\include\camera.h(72,24): warning C4244: 'inicializando': conversión de 'double' a 'float'; posible pérdida de datos
C:\Users\zuriel\Desktop\ZZG\UNAM\INGENIERÍA\SEMESTRE 2023-2\CGIHC\PROYECTO\Proyecto_Ejecutable_CG\code\include\light.h(26,16): warning C4244: '=': conversión de 'double' a 'int'; posible pérdida de datos
C:\Users\zuriel\Desktop\ZZG\UNAM\INGENIERÍA\SEMESTRE 2023-2\CGIHC\PROYECTO\Proyecto_Ejecutable_CG\code\include\particles.h(28,20): warning C4244: '=': conversión de 'int' a 'T'; posible pérdida de datos
          with
          [
              T=float
          ]
C:\Users\zuriel\Desktop\ZZG\UNAM\INGENIERÍA\SEMESTRE 2023-2\CGIHC\PROYECTO\Proyecto_Ejecutable_CG\code\include\particles.h(29,20): warning C4244: '=': conversión de 'int' a 'T'; posible pérdida de datos
          with
          [
              T=float
          ]
C:\Users\zuriel\Desktop\ZZG\UNAM\INGENIERÍA\SEMESTRE 2023-2\CGIHC\PROYECTO\Proyecto_Ejecutable_CG\code\include\particles.h(30,27): warning C4244: '=': conversión de 'int' a 'T'; posible pérdida de datos
          with
          [
              T=float
          ]
C:\Users\zuriel\Desktop\ZZG\UNAM\INGENIERÍA\SEMESTRE 2023-2\CGIHC\PROYECTO\Proyecto_Ejecutable_CG\code\11_ParticleAnimation.cpp(260,15): warning C4305: '+=': truncamiento de 'double' a 'float'
C:\Users\zuriel\Desktop\ZZG\UNAM\INGENIERÍA\SEMESTRE 2023-2\CGIHC\PROYECTO\Proyecto_Ejecutable_CG\code\11_ParticleAnimation.cpp(266,15): warning C4305: '-=': truncamiento de 'double' a 'float'
C:\Users\zuriel\Desktop\ZZG\UNAM\INGENIERÍA\SEMESTRE 2023-2\CGIHC\PROYECTO\Proyecto_Ejecutable_CG\code\11_ParticleAnimation.cpp(272,15): warning C4305: '+=': truncamiento de 'double' a 'float'
C:\Users\zuriel\Desktop\ZZG\UNAM\INGENIERÍA\SEMESTRE 2023-2\CGIHC\PROYECTO\Proyecto_Ejecutable_CG\code\11_ParticleAnimation.cpp(278,15): warning C4305: '-=': truncamiento de 'double' a 'float'
C:\Users\zuriel\Desktop\ZZG\UNAM\INGENIERÍA\SEMESTRE 2023-2\CGIHC\PROYECTO\Proyecto_Ejecutable_CG\code\11_ParticleAnimation.cpp(345,27): warning C4305: '+=': truncamiento de 'double' a 'float'
glfw3.lib(init.obj) : warning LNK4099: no se encontró PDB '' con 'glfw3.lib(init.obj)' o en ''; se vinculará el objeto sin tener en cuenta información de depuración
glfw3.lib(window.obj) : warning LNK4099: no se encontró PDB '' con 'glfw3.lib(window.obj)' o en ''; se vinculará el objeto sin tener en cuenta información de depuración
glfw3.lib(input.obj) : warning LNK4099: no se encontró PDB '' con 'glfw3.lib(input.obj)' o en ''; se vinculará el objeto sin tener en cuenta información de depuración
glfw3.lib(context.obj) : warning LNK4099: no se encontró PDB '' con 'glfw3.lib(context.obj)' o en ''; se vinculará el objeto sin tener en cuenta información de depuración
glfw3.lib(win32_time.obj) : warning LNK4099: no se encontró PDB '' con 'glfw3.lib(win32_time.obj)' o en ''; se vinculará el objeto sin tener en cuenta información de depuración
glfw3.lib(win32_thread.obj) : warning LNK4099: no se encontró PDB '' con 'glfw3.lib(win32_thread.obj)' o en ''; se vinculará el objeto sin tener en cuenta información de depuración
glfw3.lib(platform.obj) : warning LNK4099: no se encontró PDB '' con 'glfw3.lib(platform.obj)' o en ''; se vinculará el objeto sin tener en cuenta información de depuración
glfw3.lib(monitor.obj) : warning LNK4099: no se encontró PDB '' con 'glfw3.lib(monitor.obj)' o en ''; se vinculará el objeto sin tener en cuenta información de depuración
glfw3.lib(vulkan.obj) : warning LNK4099: no se encontró PDB '' con 'glfw3.lib(vulkan.obj)' o en ''; se vinculará el objeto sin tener en cuenta información de depuración
glfw3.lib(win32_init.obj) : warning LNK4099: no se encontró PDB '' con 'glfw3.lib(win32_init.obj)' o en ''; se vinculará el objeto sin tener en cuenta información de depuración
glfw3.lib(null_init.obj) : warning LNK4099: no se encontró PDB '' con 'glfw3.lib(null_init.obj)' o en ''; se vinculará el objeto sin tener en cuenta información de depuración
glfw3.lib(win32_module.obj) : warning LNK4099: no se encontró PDB '' con 'glfw3.lib(win32_module.obj)' o en ''; se vinculará el objeto sin tener en cuenta información de depuración
glfw3.lib(win32_window.obj) : warning LNK4099: no se encontró PDB '' con 'glfw3.lib(win32_window.obj)' o en ''; se vinculará el objeto sin tener en cuenta información de depuración
glfw3.lib(win32_monitor.obj) : warning LNK4099: no se encontró PDB '' con 'glfw3.lib(win32_monitor.obj)' o en ''; se vinculará el objeto sin tener en cuenta información de depuración
glfw3.lib(win32_joystick.obj) : warning LNK4099: no se encontró PDB '' con 'glfw3.lib(win32_joystick.obj)' o en ''; se vinculará el objeto sin tener en cuenta información de depuración
glfw3.lib(wgl_context.obj) : warning LNK4099: no se encontró PDB '' con 'glfw3.lib(wgl_context.obj)' o en ''; se vinculará el objeto sin tener en cuenta información de depuración
glfw3.lib(egl_context.obj) : warning LNK4099: no se encontró PDB '' con 'glfw3.lib(egl_context.obj)' o en ''; se vinculará el objeto sin tener en cuenta información de depuración
glfw3.lib(null_monitor.obj) : warning LNK4099: no se encontró PDB '' con 'glfw3.lib(null_monitor.obj)' o en ''; se vinculará el objeto sin tener en cuenta información de depuración
glfw3.lib(null_window.obj) : warning LNK4099: no se encontró PDB '' con 'glfw3.lib(null_window.obj)' o en ''; se vinculará el objeto sin tener en cuenta información de depuración
glfw3.lib(null_joystick.obj) : warning LNK4099: no se encontró PDB '' con 'glfw3.lib(null_joystick.obj)' o en ''; se vinculará el objeto sin tener en cuenta información de depuración
glfw3.lib(osmesa_context.obj) : warning LNK4099: no se encontró PDB '' con 'glfw3.lib(osmesa_context.obj)' o en ''; se vinculará el objeto sin tener en cuenta información de depuración
glad.lib(glad.obj) : warning LNK4099: no se encontró PDB '' con 'glad.lib(glad.obj)' o en ''; se vinculará el objeto sin tener en cuenta información de depuración
LINK : warning LNK4098: la biblioteca predeterminada'MSVCRT' entra en conflicto con otras bibliotecas; use la biblioteca /NODEFAULTLIB:biblioteca
  ProyectoGC.vcxproj -> C:\Users\zuriel\Desktop\ZZG\UNAM\INGENIERÍA\SEMESTRE 2023-2\CGIHC\PROYECTO\Proyecto_Ejecutable_CG\ProyectoGC.exe
